# JRE version: OpenJDK Runtime Environment (8.0_202-b03) (build 1.8.0_202-release-1483-b03)
# Java VM: OpenJDK 64-Bit Server VM (25.202-b03 mixed mode windows-amd64 compressed oops)
Heap:
 PSYoungGen      total 121856K, used 68369K [0x00000000eab00000, 0x00000000f4680000, 0x0000000100000000)
  eden space 111104K, 51% used [0x00000000eab00000,0x00000000ee34bc60,0x00000000f1780000)
  from space 10752K, 99% used [0x00000000f1780000,0x00000000f21f8b50,0x00000000f2200000)
  to   space 14336K, 51% used [0x00000000f3880000,0x00000000f3fa44c0,0x00000000f4680000)
 ParOldGen       total 83456K, used 26557K [0x00000000c0000000, 0x00000000c5180000, 0x00000000eab00000)
  object space 83456K, 31% used [0x00000000c0000000,0x00000000c19ef438,0x00000000c5180000)
 Metaspace       used 51823K, capacity 53124K, committed 53208K, reserved 1099776K
  class space    used 7004K, capacity 7403K, committed 7424K, reserved 1048576K
GC Heap History (10 events):
Event: 10.753 GC heap after
Heap after GC invocations=9 (full 1):
 PSYoungGen      total 93696K, used 8973K [0x00000000eab00000, 0x00000000f1780000, 0x0000000100000000)
  eden space 83456K, 0% used [0x00000000eab00000,0x00000000eab00000,0x00000000efc80000)
  from space 10240K, 87% used [0x00000000f0700000,0x00000000f0fc3420,0x00000000f1100000)
  to   space 10752K, 0% used [0x00000000efc80000,0x00000000efc80000,0x00000000f0700000)
 ParOldGen       total 55808K, used 8782K [0x00000000c0000000, 0x00000000c3680000, 0x00000000eab00000)
  object space 55808K, 15% used [0x00000000c0000000,0x00000000c0893bf8,0x00000000c3680000)
 Metaspace       used 30790K, capacity 31356K, committed 31488K, reserved 1077248K
  class space    used 4278K, capacity 4495K, committed 4608K, reserved 1048576K
}
Event: 11.434 GC heap before
{Heap before GC invocations=10 (full 1):
 PSYoungGen      total 93696K, used 27335K [0x00000000eab00000, 0x00000000f1780000, 0x0000000100000000)
  eden space 83456K, 22% used [0x00000000eab00000,0x00000000ebceea60,0x00000000efc80000)
  from space 10240K, 87% used [0x00000000f0700000,0x00000000f0fc3420,0x00000000f1100000)
  to   space 10752K, 0% used [0x00000000efc80000,0x00000000efc80000,0x00000000f0700000)
 ParOldGen       total 55808K, used 8782K [0x00000000c0000000, 0x00000000c3680000, 0x00000000eab00000)
  object space 55808K, 15% used [0x00000000c0000000,0x00000000c0893bf8,0x00000000c3680000)
 Metaspace       used 34638K, capacity 35302K, committed 35416K, reserved 1079296K
  class space    used 4751K, capacity 4961K, committed 4992K, reserved 1048576K
Event: 11.450 GC heap after
Heap after GC invocations=10 (full 1):
 PSYoungGen      total 94208K, used 6947K [0x00000000eab00000, 0x00000000f2e80000, 0x0000000100000000)
  eden space 83456K, 0% used [0x00000000eab00000,0x00000000eab00000,0x00000000efc80000)
  from space 10752K, 64% used [0x00000000efc80000,0x00000000f0348cd0,0x00000000f0700000)
  to   space 10752K, 0% used [0x00000000f2400000,0x00000000f2400000,0x00000000f2e80000)
 ParOldGen       total 55808K, used 10343K [0x00000000c0000000, 0x00000000c3680000, 0x00000000eab00000)
  object space 55808K, 18% used [0x00000000c0000000,0x00000000c0a19c78,0x00000000c3680000)
 Metaspace       used 34638K, capacity 35302K, committed 35416K, reserved 1079296K
  class space    used 4751K, capacity 4961K, committed 4992K, reserved 1048576K
}
Event: 11.450 GC heap before
{Heap before GC invocations=11 (full 2):
 PSYoungGen      total 94208K, used 6947K [0x00000000eab00000, 0x00000000f2e80000, 0x0000000100000000)
  eden space 83456K, 0% used [0x00000000eab00000,0x00000000eab00000,0x00000000efc80000)
  from space 10752K, 64% used [0x00000000efc80000,0x00000000f0348cd0,0x00000000f0700000)
  to   space 10752K, 0% used [0x00000000f2400000,0x00000000f2400000,0x00000000f2e80000)
 ParOldGen       total 55808K, used 10343K [0x00000000c0000000, 0x00000000c3680000, 0x00000000eab00000)
  object space 55808K, 18% used [0x00000000c0000000,0x00000000c0a19c78,0x00000000c3680000)
 Metaspace       used 34638K, capacity 35302K, committed 35416K, reserved 1079296K
  class space    used 4751K, capacity 4961K, committed 4992K, reserved 1048576K
Event: 11.595 GC heap after
Heap after GC invocations=11 (full 2):
 PSYoungGen      total 94208K, used 0K [0x00000000eab00000, 0x00000000f2e80000, 0x0000000100000000)
  eden space 83456K, 0% used [0x00000000eab00000,0x00000000eab00000,0x00000000efc80000)
  from space 10752K, 0% used [0x00000000efc80000,0x00000000efc80000,0x00000000f0700000)
  to   space 10752K, 0% used [0x00000000f2400000,0x00000000f2400000,0x00000000f2e80000)
 ParOldGen       total 83456K, used 15065K [0x00000000c0000000, 0x00000000c5180000, 0x00000000eab00000)
  object space 83456K, 18% used [0x00000000c0000000,0x00000000c0eb6750,0x00000000c5180000)
 Metaspace       used 34638K, capacity 35302K, committed 35416K, reserved 1079296K
  class space    used 4751K, capacity 4961K, committed 4992K, reserved 1048576K
}
Event: 13.895 GC heap before
{Heap before GC invocations=12 (full 2):
 PSYoungGen      total 94208K, used 83456K [0x00000000eab00000, 0x00000000f2e80000, 0x0000000100000000)
  eden space 83456K, 100% used [0x00000000eab00000,0x00000000efc80000,0x00000000efc80000)
  from space 10752K, 0% used [0x00000000efc80000,0x00000000efc80000,0x00000000f0700000)
  to   space 10752K, 0% used [0x00000000f2400000,0x00000000f2400000,0x00000000f2e80000)
 ParOldGen       total 83456K, used 15065K [0x00000000c0000000, 0x00000000c5180000, 0x00000000eab00000)
  object space 83456K, 18% used [0x00000000c0000000,0x00000000c0eb6750,0x00000000c5180000)
 Metaspace       used 39441K, capacity 40184K, committed 40408K, reserved 1083392K
  class space    used 5372K, capacity 5620K, committed 5632K, reserved 1048576K
Event: 13.911 GC heap after
Heap after GC invocations=12 (full 2):
 PSYoungGen      total 114176K, used 8371K [0x00000000eab00000, 0x00000000f2c80000, 0x0000000100000000)
  eden space 105472K, 0% used [0x00000000eab00000,0x00000000eab00000,0x00000000f1200000)
  from space 8704K, 96% used [0x00000000f2400000,0x00000000f2c2cc60,0x00000000f2c80000)
  to   space 10752K, 0% used [0x00000000f1780000,0x00000000f1780000,0x00000000f2200000)
 ParOldGen       total 83456K, used 15073K [0x00000000c0000000, 0x00000000c5180000, 0x00000000eab00000)
  object space 83456K, 18% used [0x00000000c0000000,0x00000000c0eb8750,0x00000000c5180000)
 Metaspace       used 39441K, capacity 40184K, committed 40408K, reserved 1083392K
  class space    used 5372K, capacity 5620K, committed 5632K, reserved 1048576K
}
Event: 17.628 GC heap before
{Heap before GC invocations=13 (full 2):
 PSYoungGen      total 114176K, used 113843K [0x00000000eab00000, 0x00000000f2c80000, 0x0000000100000000)
  eden space 105472K, 100% used [0x00000000eab00000,0x00000000f1200000,0x00000000f1200000)
  from space 8704K, 96% used [0x00000000f2400000,0x00000000f2c2cc60,0x00000000f2c80000)
  to   space 10752K, 0% used [0x00000000f1780000,0x00000000f1780000,0x00000000f2200000)
 ParOldGen       total 83456K, used 15073K [0x00000000c0000000, 0x00000000c5180000, 0x00000000eab00000)
  object space 83456K, 18% used [0x00000000c0000000,0x00000000c0eb8750,0x00000000c5180000)
 Metaspace       used 47907K, capacity 48954K, committed 49240K, reserved 1091584K
  class space    used 6456K, capacity 6778K, committed 6784K, reserved 1048576K
Event: 17.654 GC heap after
Heap after GC invocations=13 (full 2):
 PSYoungGen      total 121856K, used 10722K [0x00000000eab00000, 0x00000000f4680000, 0x0000000100000000)
  eden space 111104K, 0% used [0x00000000eab00000,0x00000000eab00000,0x00000000f1780000)
  from space 10752K, 99% used [0x00000000f1780000,0x00000000f21f8b50,0x00000000f2200000)
  to   space 14336K, 0% used [0x00000000f3880000,0x00000000f3880000,0x00000000f4680000)
 ParOldGen       total 83456K, used 21369K [0x00000000c0000000, 0x00000000c5180000, 0x00000000eab00000)
  object space 83456K, 25% used [0x00000000c0000000,0x00000000c14de530,0x00000000c5180000)
 Metaspace       used 47907K, capacity 48954K, committed 49240K, reserved 1091584K
  class space    used 6456K, capacity 6778K, committed 6784K, reserved 1048576K
}
Event: 19.128 GC heap before
{Heap before GC invocations=14 (full 2):
 PSYoungGen      total 121856K, used 68369K [0x00000000eab00000, 0x00000000f4680000, 0x0000000100000000)
  eden space 111104K, 51% used [0x00000000eab00000,0x00000000ee34bc60,0x00000000f1780000)
  from space 10752K, 99% used [0x00000000f1780000,0x00000000f21f8b50,0x00000000f2200000)
  to   space 14336K, 0% used [0x00000000f3880000,0x00000000f3880000,0x00000000f4680000)
 ParOldGen       total 83456K, used 21369K [0x00000000c0000000, 0x00000000c5180000, 0x00000000eab00000)
  object space 83456K, 25% used [0x00000000c0000000,0x00000000c14de530,0x00000000c5180000)
 Metaspace       used 51823K, capacity 53124K, committed 53208K, reserved 1099776K
  class space    used 7004K, capacity 7403K, committed 7424K, reserved 1048576K

