# JRE version: OpenJDK Runtime Environment (8.0_202-b03) (build 1.8.0_202-release-1483-b03)
# Java VM: OpenJDK 64-Bit Server VM (25.202-b03 mixed mode windows-amd64 compressed oops)
Heap:
 PSYoungGen      total 315904K, used 42533K [0x00000000eab00000, 0x00000000ffc80000, 0x0000000100000000)
  eden space 296448K, 14% used [0x00000000eab00000,0x00000000ed489458,0x00000000fcc80000)
  from space 19456K, 0% used [0x00000000fe800000,0x00000000fe800000,0x00000000ffb00000)
  to   space 24576K, 0% used [0x00000000fcc80000,0x00000000fcc80000,0x00000000fe480000)
 ParOldGen       total 85504K, used 36987K [0x00000000c0000000, 0x00000000c5380000, 0x00000000eab00000)
  object space 85504K, 43% used [0x00000000c0000000,0x00000000c241ed30,0x00000000c5380000)
 Metaspace       used 58559K, capacity 60208K, committed 60632K, reserved 1101824K
  class space    used 7927K, capacity 8339K, committed 8448K, reserved 1048576K
GC Heap History (10 events):
Event: 10.181 GC heap before
{Heap before GC invocations=7 (full 1):
 PSYoungGen      total 132096K, used 40286K [0x00000000eab00000, 0x00000000f9280000, 0x0000000100000000)
  eden space 126976K, 27% used [0x00000000eab00000,0x00000000ecd5f598,0x00000000f2700000)
  from space 5120K, 99% used [0x00000000f2700000,0x00000000f2bf8280,0x00000000f2c00000)
  to   space 13824K, 0% used [0x00000000f8500000,0x00000000f8500000,0x00000000f9280000)
 ParOldGen       total 56832K, used 15360K [0x00000000c0000000, 0x00000000c3780000, 0x00000000eab00000)
  object space 56832K, 27% used [0x00000000c0000000,0x00000000c0f003a0,0x00000000c3780000)
 Metaspace       used 34809K, capacity 35350K, committed 35416K, reserved 1079296K
  class space    used 4736K, capacity 4945K, committed 4992K, reserved 1048576K
Event: 10.191 GC heap after
Heap after GC invocations=7 (full 1):
 PSYoungGen      total 215040K, used 9472K [0x00000000eab00000, 0x00000000f8e80000, 0x0000000100000000)
  eden space 205312K, 0% used [0x00000000eab00000,0x00000000eab00000,0x00000000f7380000)
  from space 9728K, 97% used [0x00000000f8500000,0x00000000f8e40190,0x00000000f8e80000)
  to   space 13824K, 0% used [0x00000000f7380000,0x00000000f7380000,0x00000000f8100000)
 ParOldGen       total 56832K, used 15368K [0x00000000c0000000, 0x00000000c3780000, 0x00000000eab00000)
  object space 56832K, 27% used [0x00000000c0000000,0x00000000c0f023a0,0x00000000c3780000)
 Metaspace       used 34809K, capacity 35350K, committed 35416K, reserved 1079296K
  class space    used 4736K, capacity 4945K, committed 4992K, reserved 1048576K
}
Event: 10.191 GC heap before
{Heap before GC invocations=8 (full 2):
 PSYoungGen      total 215040K, used 9472K [0x00000000eab00000, 0x00000000f8e80000, 0x0000000100000000)
  eden space 205312K, 0% used [0x00000000eab00000,0x00000000eab00000,0x00000000f7380000)
  from space 9728K, 97% used [0x00000000f8500000,0x00000000f8e40190,0x00000000f8e80000)
  to   space 13824K, 0% used [0x00000000f7380000,0x00000000f7380000,0x00000000f8100000)
 ParOldGen       total 56832K, used 15368K [0x00000000c0000000, 0x00000000c3780000, 0x00000000eab00000)
  object space 56832K, 27% used [0x00000000c0000000,0x00000000c0f023a0,0x00000000c3780000)
 Metaspace       used 34809K, capacity 35350K, committed 35416K, reserved 1079296K
  class space    used 4736K, capacity 4945K, committed 4992K, reserved 1048576K
Event: 10.265 GC heap after
Heap after GC invocations=8 (full 2):
 PSYoungGen      total 215040K, used 0K [0x00000000eab00000, 0x00000000f8e80000, 0x0000000100000000)
  eden space 205312K, 0% used [0x00000000eab00000,0x00000000eab00000,0x00000000f7380000)
  from space 9728K, 0% used [0x00000000f8500000,0x00000000f8500000,0x00000000f8e80000)
  to   space 13824K, 0% used [0x00000000f7380000,0x00000000f7380000,0x00000000f8100000)
 ParOldGen       total 85504K, used 16210K [0x00000000c0000000, 0x00000000c5380000, 0x00000000eab00000)
  object space 85504K, 18% used [0x00000000c0000000,0x00000000c0fd4b98,0x00000000c5380000)
 Metaspace       used 34809K, capacity 35350K, committed 35416K, reserved 1079296K
  class space    used 4736K, capacity 4945K, committed 4992K, reserved 1048576K
}
Event: 17.044 GC heap before
{Heap before GC invocations=9 (full 2):
 PSYoungGen      total 215040K, used 205312K [0x00000000eab00000, 0x00000000f8e80000, 0x0000000100000000)
  eden space 205312K, 100% used [0x00000000eab00000,0x00000000f7380000,0x00000000f7380000)
  from space 9728K, 0% used [0x00000000f8500000,0x00000000f8500000,0x00000000f8e80000)
  to   space 13824K, 0% used [0x00000000f7380000,0x00000000f7380000,0x00000000f8100000)
 ParOldGen       total 85504K, used 16210K [0x00000000c0000000, 0x00000000c5380000, 0x00000000eab00000)
  object space 85504K, 18% used [0x00000000c0000000,0x00000000c0fd4b98,0x00000000c5380000)
 Metaspace       used 48379K, capacity 49374K, committed 49496K, reserved 1091584K
  class space    used 6471K, capacity 6758K, committed 6784K, reserved 1048576K
Event: 17.063 GC heap after
Heap after GC invocations=9 (full 2):
 PSYoungGen      total 219136K, used 13792K [0x00000000eab00000, 0x00000000ffb00000, 0x0000000100000000)
  eden space 205312K, 0% used [0x00000000eab00000,0x00000000eab00000,0x00000000f7380000)
  from space 13824K, 99% used [0x00000000f7380000,0x00000000f80f80f8,0x00000000f8100000)
  to   space 19456K, 0% used [0x00000000fe800000,0x00000000fe800000,0x00000000ffb00000)
 ParOldGen       total 85504K, used 22731K [0x00000000c0000000, 0x00000000c5380000, 0x00000000eab00000)
  object space 85504K, 26% used [0x00000000c0000000,0x00000000c1632fd8,0x00000000c5380000)
 Metaspace       used 48379K, capacity 49374K, committed 49496K, reserved 1091584K
  class space    used 6471K, capacity 6758K, committed 6784K, reserved 1048576K
}
Event: 26.276 GC heap before
{Heap before GC invocations=10 (full 2):
 PSYoungGen      total 219136K, used 144111K [0x00000000eab00000, 0x00000000ffb00000, 0x0000000100000000)
  eden space 205312K, 63% used [0x00000000eab00000,0x00000000f2a43eb8,0x00000000f7380000)
  from space 13824K, 99% used [0x00000000f7380000,0x00000000f80f80f8,0x00000000f8100000)
  to   space 19456K, 0% used [0x00000000fe800000,0x00000000fe800000,0x00000000ffb00000)
 ParOldGen       total 85504K, used 22731K [0x00000000c0000000, 0x00000000c5380000, 0x00000000eab00000)
  object space 85504K, 26% used [0x00000000c0000000,0x00000000c1632fd8,0x00000000c5380000)
 Metaspace       used 57204K, capacity 58902K, committed 59028K, reserved 1099776K
  class space    used 7754K, capacity 8168K, committed 8192K, reserved 1048576K
Event: 26.321 GC heap after
Heap after GC invocations=10 (full 2):
 PSYoungGen      total 315904K, used 19449K [0x00000000eab00000, 0x00000000ffc80000, 0x0000000100000000)
  eden space 296448K, 0% used [0x00000000eab00000,0x00000000eab00000,0x00000000fcc80000)
  from space 19456K, 99% used [0x00000000fe800000,0x00000000ffafe590,0x00000000ffb00000)
  to   space 24576K, 0% used [0x00000000fcc80000,0x00000000fcc80000,0x00000000fe480000)
 ParOldGen       total 85504K, used 27752K [0x00000000c0000000, 0x00000000c5380000, 0x00000000eab00000)
  object space 85504K, 32% used [0x00000000c0000000,0x00000000c1b1a170,0x00000000c5380000)
 Metaspace       used 57204K, capacity 58902K, committed 59028K, reserved 1099776K
  class space    used 7754K, capacity 8168K, committed 8192K, reserved 1048576K
}
Event: 26.321 GC heap before
{Heap before GC invocations=11 (full 3):
 PSYoungGen      total 315904K, used 19449K [0x00000000eab00000, 0x00000000ffc80000, 0x0000000100000000)
  eden space 296448K, 0% used [0x00000000eab00000,0x00000000eab00000,0x00000000fcc80000)
  from space 19456K, 99% used [0x00000000fe800000,0x00000000ffafe590,0x00000000ffb00000)
  to   space 24576K, 0% used [0x00000000fcc80000,0x00000000fcc80000,0x00000000fe480000)
 ParOldGen       total 85504K, used 27752K [0x00000000c0000000, 0x00000000c5380000, 0x00000000eab00000)
  object space 85504K, 32% used [0x00000000c0000000,0x00000000c1b1a170,0x00000000c5380000)
 Metaspace       used 57204K, capacity 58902K, committed 59028K, reserved 1099776K
  class space    used 7754K, capacity 8168K, committed 8192K, reserved 1048576K
Event: 26.581 GC heap after
Heap after GC invocations=11 (full 3):
 PSYoungGen      total 315904K, used 0K [0x00000000eab00000, 0x00000000ffc80000, 0x0000000100000000)
  eden space 296448K, 0% used [0x00000000eab00000,0x00000000eab00000,0x00000000fcc80000)
  from space 19456K, 0% used [0x00000000fe800000,0x00000000fe800000,0x00000000ffb00000)
  to   space 24576K, 0% used [0x00000000fcc80000,0x00000000fcc80000,0x00000000fe480000)
 ParOldGen       total 85504K, used 36987K [0x00000000c0000000, 0x00000000c5380000, 0x00000000eab00000)
  object space 85504K, 43% used [0x00000000c0000000,0x00000000c241ed30,0x00000000c5380000)
 Metaspace       used 57204K, capacity 58902K, committed 59028K, reserved 1099776K
  class space    used 7754K, capacity 8168K, committed 8192K, reserved 1048576K
}

